<?xml version="1.0" encoding="UTF-8"?>
<testng-results ignored="0" total="1" passed="1" failed="0" skipped="0">
  <reporter-output>
  </reporter-output>
  <suite started-at="2024-09-24T06:12:36 MDT" name="Default suite" finished-at="2024-09-24T06:12:47 MDT" duration-ms="10469">
    <groups>
    </groups>
    <test started-at="2024-09-24T06:12:36 MDT" name="Default test" finished-at="2024-09-24T06:12:47 MDT" duration-ms="10469">
      <class name="assignments.Assignment14_xpath_orangehrmlive">
        <test-method signature="f()[pri:0, instance:assignments.Assignment14_xpath_orangehrmlive@130d63be]" started-at="2024-09-24T06:12:36 MDT" name="f" finished-at="2024-09-24T06:12:47 MDT" duration-ms="10421" status="PASS">
          <reporter-output>
          </reporter-output>
        </test-method> <!-- f -->
      </class> <!-- assignments.Assignment14_xpath_orangehrmlive -->
    </test> <!-- Default test -->
  </suite> <!-- Default suite -->
</testng-results>
