<?xml version="1.0" encoding="UTF-8"?>
<testng-results ignored="0" total="1" passed="1" failed="0" skipped="0">
  <reporter-output>
  </reporter-output>
  <suite started-at="2024-09-24T06:22:37 MDT" name="Default suite" finished-at="2024-09-24T06:22:53 MDT" duration-ms="16814">
    <groups>
    </groups>
    <test started-at="2024-09-24T06:22:37 MDT" name="Default test" finished-at="2024-09-24T06:22:53 MDT" duration-ms="16814">
      <class name="assignments.Assignment13_Sreeni">
        <test-method signature="f()[pri:0, instance:assignments.Assignment13_Sreeni@130d63be]" started-at="2024-09-24T06:22:37 MDT" name="f" finished-at="2024-09-24T06:22:53 MDT" duration-ms="16768" status="PASS">
          <reporter-output>
          </reporter-output>
        </test-method> <!-- f -->
      </class> <!-- assignments.Assignment13_Sreeni -->
    </test> <!-- Default test -->
  </suite> <!-- Default suite -->
</testng-results>
